Warning in <Minuit2>: VariableMetricBuilder Edm is NaN; stop iterations
Warning in <Minuit2>: VariableMetricBuilder Edm is NaN; stop iterations
Warning in <Minuit2>: VariableMetricBuilder Edm is NaN; stop iterations
Warning in <Minuit2>: VariableMetricBuilder Edm is NaN; stop iterations
Warning in <Minuit2>: VariableMetricBuilder Edm is NaN; stop iterations
Warning in <Minuit2>: VariableMetricBuilder Edm is NaN; stop iterations
Warning in <Minuit2>: VariableMetricBuilder Edm is NaN; stop iterations
Warning in <Minuit2>: VariableMetricBuilder Edm is NaN; stop iterations
Warning in <Minuit2>: VariableMetricBuilder Edm is NaN; stop iterations
Warning in <Minuit2>: VariableMetricBuilder Edm is NaN; stop iterations
Warning in <Minuit2>: VariableMetricBuilder Edm is NaN; stop iterations
Warning in <Minuit2>: VariableMetricBuilder Edm is NaN; stop iterations
Warning in <Minuit2>: VariableMetricBuilder Edm is NaN; stop iterations
Warning in <Minuit2>: VariableMetricBuilder Edm is NaN; stop iterations
Warning in <Minuit2>: MnPosDef Matrix forced pos-def by adding to diagonal nan
Warning in <Minuit2>: Minuit2Minimizer::Minimize Minimization did NOT converge, Edm is above max
Warning in <Minuit2>: MnPosDef Matrix forced pos-def by adding to diagonal nan
Warning in <Minuit2>: Minuit2Minimizer::Minimize Minimization did NOT converge, Edm is above max
Warning in <Minuit2>: MnPosDef Matrix forced pos-def by adding to diagonal nan
Warning in <Minuit2>: Minuit2Minimizer::Minimize Minimization did NOT converge, Edm is above max
Warning in <Minuit2>: MnPosDef Matrix forced pos-def by adding to diagonal nan
Warning in <Minuit2>: Minuit2Minimizer::Minimize Minimization did NOT converge, Edm is above max
Warning in <Minuit2>: MnPosDef Matrix forced pos-def by adding to diagonal nan
Warning in <Minuit2>: Minuit2Minimizer::Minimize Minimization did NOT converge, Edm is above max
Warning in <Minuit2>: MnPosDef Matrix forced pos-def by adding to diagonal nan
Warning in <Minuit2>: Minuit2Minimizer::Minimize Minimization did NOT converge, Edm is above max
Warning in <Minuit2>: MnPosDef Matrix forced pos-def by adding to diagonal nan
Warning in <Minuit2>: Minuit2Minimizer::Minimize Minimization did NOT converge, Edm is above max
Warning in <Minuit2>: MnPosDef Matrix forced pos-def by adding to diagonal nan
Warning in <Minuit2>: Minuit2Minimizer::Minimize Minimization did NOT converge, Edm is above max
Warning in <Minuit2>: MnPosDef Matrix forced pos-def by adding to diagonal nan
Warning in <Minuit2>: Minuit2Minimizer::Minimize Minimization did NOT converge, Edm is above max
Warning in <Minuit2>: MnPosDef Matrix forced pos-def by adding to diagonal nan
Warning in <Minuit2>: Minuit2Minimizer::Minimize Minimization did NOT converge, Edm is above max
Warning in <Minuit2>: MnPosDef Matrix forced pos-def by adding to diagonal nan
Warning in <Minuit2>: Minuit2Minimizer::Minimize Minimization did NOT converge, Edm is above max
Warning in <Minuit2>: MnPosDef Matrix forced pos-def by adding to diagonal nan
Warning in <Minuit2>: Minuit2Minimizer::Minimize Minimization did NOT converge, Edm is above max
Warning in <Minuit2>: MnPosDef Matrix forced pos-def by adding to diagonal nan
Warning in <Minuit2>: Minuit2Minimizer::Minimize Minimization did NOT converge, Edm is above max
Warning in <Minuit2>: MnPosDef Matrix forced pos-def by adding to diagonal nan
Warning in <Minuit2>: Minuit2Minimizer::Minimize Minimization did NOT converge, Edm is above max
Warning in <Minuit2>: MnPosDef Matrix forced pos-def by adding to diagonal nan
Warning in <Minuit2>: Minuit2Minimizer::Minimize Minimization did NOT converge, Edm is above max
Warning in <Minuit2>: MnPosDef Matrix forced pos-def by adding to diagonal nan
Warning in <Minuit2>: Minuit2Minimizer::Minimize Minimization did NOT converge, Edm is above max
Warning in <Minuit2>: MnPosDef Matrix forced pos-def by adding to diagonal nan
Warning in <Minuit2>: Minuit2Minimizer::Minimize Minimization did NOT converge, Edm is above max
Warning in <Minuit2>: MnPosDef Matrix forced pos-def by adding to diagonal nan
Warning in <Minuit2>: Minuit2Minimizer::Minimize Minimization did NOT converge, Edm is above max
Warning in <Minuit2>: MnPosDef Matrix forced pos-def by adding to diagonal nan
Warning in <Minuit2>: Minuit2Minimizer::Minimize Minimization did NOT converge, Edm is above max
Warning in <Minuit2>: MnPosDef Matrix forced pos-def by adding to diagonal nan
Warning in <Minuit2>: Minuit2Minimizer::Minimize Minimization did NOT converge, Edm is above max
Warning in <Minuit2>: MnPosDef Matrix forced pos-def by adding to diagonal nan
Warning in <Minuit2>: Minuit2Minimizer::Minimize Minimization did NOT converge, Edm is above max
Warning in <Minuit2>: MnPosDef Matrix forced pos-def by adding to diagonal nan
Warning in <Minuit2>: Minuit2Minimizer::Minimize Minimization did NOT converge, Edm is above max
Warning in <Minuit2>: MnPosDef Matrix forced pos-def by adding to diagonal nan
Warning in <Minuit2>: Minuit2Minimizer::Minimize Minimization did NOT converge, Edm is above max
Warning in <Minuit2>: MnPosDef Matrix forced pos-def by adding to diagonal nan
Warning in <Minuit2>: Minuit2Minimizer::Minimize Minimization did NOT converge, Edm is above max
Warning in <Minuit2>: MnPosDef Matrix forced pos-def by adding to diagonal nan
Warning in <Minuit2>: Minuit2Minimizer::Minimize Minimization did NOT converge, Edm is above max
Warning in <Minuit2>: MnPosDef Matrix forced pos-def by adding to diagonal nan
Warning in <Minuit2>: Minuit2Minimizer::Minimize Minimization did NOT converge, Edm is above max
Warning in <Minuit2>: MnPosDef Matrix forced pos-def by adding to diagonal nan
Warning in <Minuit2>: Minuit2Minimizer::Minimize Minimization did NOT converge, Edm is above max
Warning in <Minuit2>: MnPosDef Matrix forced pos-def by adding to diagonal nan
Warning in <Minuit2>: Minuit2Minimizer::Minimize Minimization did NOT converge, Edm is above max
Warning in <Minuit2>: MnPosDef Matrix forced pos-def by adding to diagonal nan
Warning in <Minuit2>: Minuit2Minimizer::Minimize Minimization did NOT converge, Edm is above max
Warning in <Minuit2>: MnPosDef Matrix forced pos-def by adding to diagonal nan
Warning in <Minuit2>: Minuit2Minimizer::Minimize Minimization did NOT converge, Edm is above max
Warning in <Minuit2>: MnPosDef Matrix forced pos-def by adding to diagonal nan
Warning in <Minuit2>: Minuit2Minimizer::Minimize Minimization did NOT converge, Edm is above max
Warning in <Minuit2>: MnPosDef Matrix forced pos-def by adding to diagonal nan
Warning in <Minuit2>: Minuit2Minimizer::Minimize Minimization did NOT converge, Edm is above max
Warning in <Minuit2>: MnPosDef Matrix forced pos-def by adding to diagonal nan
Warning in <Minuit2>: Minuit2Minimizer::Minimize Minimization did NOT converge, Edm is above max
Warning in <Minuit2>: MnPosDef Matrix forced pos-def by adding to diagonal nan
Warning in <Minuit2>: Minuit2Minimizer::Minimize Minimization did NOT converge, Edm is above max
Warning in <Minuit2>: MnPosDef Matrix forced pos-def by adding to diagonal nan
Warning in <Minuit2>: Minuit2Minimizer::Minimize Minimization did NOT converge, Edm is above max
Warning in <Minuit2>: MnPosDef Matrix forced pos-def by adding to diagonal nan
Warning in <Minuit2>: Minuit2Minimizer::Minimize Minimization did NOT converge, Edm is above max
Warning in <Minuit2>: MnPosDef Matrix forced pos-def by adding to diagonal nan
Warning in <Minuit2>: Minuit2Minimizer::Minimize Minimization did NOT converge, Edm is above max
Warning in <Minuit2>: MnPosDef Matrix forced pos-def by adding to diagonal nan
Warning in <Minuit2>: Minuit2Minimizer::Minimize Minimization did NOT converge, Edm is above max
Warning in <Minuit2>: MnPosDef Matrix forced pos-def by adding to diagonal nan
Warning in <Minuit2>: Minuit2Minimizer::Minimize Minimization did NOT converge, Edm is above max
Warning in <Minuit2>: MnPosDef Matrix forced pos-def by adding to diagonal nan
Warning in <Minuit2>: Minuit2Minimizer::Minimize Minimization did NOT converge, Edm is above max
Warning in <Minuit2>: MnPosDef Matrix forced pos-def by adding to diagonal nan
Warning in <Minuit2>: Minuit2Minimizer::Minimize Minimization did NOT converge, Edm is above max
Warning in <Minuit2>: MnPosDef Matrix forced pos-def by adding to diagonal nan
Warning in <Minuit2>: Minuit2Minimizer::Minimize Minimization did NOT converge, Edm is above max
Warning in <Minuit2>: MnPosDef Matrix forced pos-def by adding to diagonal nan
Warning in <Minuit2>: Minuit2Minimizer::Minimize Minimization did NOT converge, Edm is above max
Warning in <Minuit2>: MnPosDef Matrix forced pos-def by adding to diagonal nan
Warning in <Minuit2>: Minuit2Minimizer::Minimize Minimization did NOT converge, Edm is above max
Warning in <Minuit2>: MnPosDef Matrix forced pos-def by adding to diagonal nan
Warning in <Minuit2>: Minuit2Minimizer::Minimize Minimization did NOT converge, Edm is above max
Warning in <Minuit2>: MnPosDef Matrix forced pos-def by adding to diagonal nan
Warning in <Minuit2>: Minuit2Minimizer::Minimize Minimization did NOT converge, Edm is above max
Warning in <Minuit2>: MnPosDef Matrix forced pos-def by adding to diagonal nan
Warning in <Minuit2>: Minuit2Minimizer::Minimize Minimization did NOT converge, Edm is above max
Warning in <Minuit2>: MnPosDef Matrix forced pos-def by adding to diagonal nan
Warning in <Minuit2>: Minuit2Minimizer::Minimize Minimization did NOT converge, Edm is above max
Warning in <Minuit2>: MnPosDef Matrix forced pos-def by adding to diagonal nan
Warning in <Minuit2>: Minuit2Minimizer::Minimize Minimization did NOT converge, Edm is above max
Warning in <Minuit2>: MnPosDef Matrix forced pos-def by adding to diagonal nan
Warning in <Minuit2>: Minuit2Minimizer::Minimize Minimization did NOT converge, Edm is above max
Warning in <Minuit2>: MnPosDef Matrix forced pos-def by adding to diagonal nan
Warning in <Minuit2>: Minuit2Minimizer::Minimize Minimization did NOT converge, Edm is above max
Warning in <Minuit2>: MnPosDef Matrix forced pos-def by adding to diagonal nan
Warning in <Minuit2>: Minuit2Minimizer::Minimize Minimization did NOT converge, Edm is above max
Warning in <Minuit2>: MnPosDef Matrix forced pos-def by adding to diagonal nan
Warning in <Minuit2>: Minuit2Minimizer::Minimize Minimization did NOT converge, Edm is above max
Warning in <Minuit2>: MnPosDef Matrix forced pos-def by adding to diagonal nan
Warning in <Minuit2>: Minuit2Minimizer::Minimize Minimization did NOT converge, Edm is above max
Warning in <Minuit2>: MnPosDef Matrix forced pos-def by adding to diagonal nan
Warning in <Minuit2>: Minuit2Minimizer::Minimize Minimization did NOT converge, Edm is above max
Warning in <Minuit2>: MnPosDef Matrix forced pos-def by adding to diagonal nan
Warning in <Minuit2>: Minuit2Minimizer::Minimize Minimization did NOT converge, Edm is above max
Warning in <Minuit2>: MnPosDef Matrix forced pos-def by adding to diagonal nan
Warning in <Minuit2>: Minuit2Minimizer::Minimize Minimization did NOT converge, Edm is above max
Warning in <Minuit2>: MnPosDef Matrix forced pos-def by adding to diagonal nan
Warning in <Minuit2>: Minuit2Minimizer::Minimize Minimization did NOT converge, Edm is above max
Warning in <Minuit2>: MnPosDef Matrix forced pos-def by adding to diagonal nan
Warning in <Minuit2>: Minuit2Minimizer::Minimize Minimization did NOT converge, Edm is above max
Warning in <Minuit2>: MnPosDef Matrix forced pos-def by adding to diagonal nan
Warning in <Minuit2>: Minuit2Minimizer::Minimize Minimization did NOT converge, Edm is above max
Warning in <Minuit2>: MnPosDef Matrix forced pos-def by adding to diagonal nan
Warning in <Minuit2>: Minuit2Minimizer::Minimize Minimization did NOT converge, Edm is above max
Warning in <Minuit2>: MnPosDef Matrix forced pos-def by adding to diagonal nan
Warning in <Minuit2>: Minuit2Minimizer::Minimize Minimization did NOT converge, Edm is above max
Warning in <Minuit2>: MnPosDef Matrix forced pos-def by adding to diagonal nan
Warning in <Minuit2>: Minuit2Minimizer::Minimize Minimization did NOT converge, Edm is above max
Warning in <Minuit2>: MnPosDef Matrix forced pos-def by adding to diagonal nan
Warning in <Minuit2>: Minuit2Minimizer::Minimize Minimization did NOT converge, Edm is above max
Warning in <Minuit2>: MnPosDef Matrix forced pos-def by adding to diagonal nan
Warning in <Minuit2>: Minuit2Minimizer::Minimize Minimization did NOT converge, Edm is above max
Warning in <Minuit2>: MnPosDef Matrix forced pos-def by adding to diagonal nan
Warning in <Minuit2>: Minuit2Minimizer::Minimize Minimization did NOT converge, Edm is above max
Warning in <Minuit2>: MnPosDef Matrix forced pos-def by adding to diagonal nan
Warning in <Minuit2>: Minuit2Minimizer::Minimize Minimization did NOT converge, Edm is above max
Warning in <Minuit2>: MnPosDef Matrix forced pos-def by adding to diagonal nan
Warning in <Minuit2>: Minuit2Minimizer::Minimize Minimization did NOT converge, Edm is above max
Warning in <Minuit2>: MnPosDef Matrix forced pos-def by adding to diagonal nan
Warning in <Minuit2>: Minuit2Minimizer::Minimize Minimization did NOT converge, Edm is above max
Warning in <Minuit2>: MnPosDef Matrix forced pos-def by adding to diagonal nan
Warning in <Minuit2>: Minuit2Minimizer::Minimize Minimization did NOT converge, Edm is above max
Warning in <Minuit2>: MnPosDef Matrix forced pos-def by adding to diagonal nan
Warning in <Minuit2>: Minuit2Minimizer::Minimize Minimization did NOT converge, Edm is above max
Warning in <Minuit2>: MnPosDef Matrix forced pos-def by adding to diagonal nan
Warning in <Minuit2>: Minuit2Minimizer::Minimize Minimization did NOT converge, Edm is above max
Warning in <Minuit2>: MnPosDef Matrix forced pos-def by adding to diagonal nan
Warning in <Minuit2>: Minuit2Minimizer::Minimize Minimization did NOT converge, Edm is above max
Warning in <Minuit2>: VariableMetricBuilder Edm is NaN; stop iterations
Warning in <Minuit2>: VariableMetricBuilder Edm is NaN; stop iterations
Warning in <Minuit2>: VariableMetricBuilder Edm is NaN; stop iterations
Warning in <Minuit2>: VariableMetricBuilder Edm is NaN; stop iterations
Warning in <Minuit2>: VariableMetricBuilder Edm is NaN; stop iterations
Warning in <Minuit2>: VariableMetricBuilder Edm is NaN; stop iterations
Warning in <Minuit2>: VariableMetricBuilder Edm is NaN; stop iterations
Warning in <Minuit2>: VariableMetricBuilder Edm is NaN; stop iterations
Warning in <Minuit2>: VariableMetricBuilder Edm is NaN; stop iterations
Warning in <Minuit2>: VariableMetricBuilder Edm is NaN; stop iterations
Warning in <Minuit2>: VariableMetricBuilder Edm is NaN; stop iterations
Warning in <Minuit2>: VariableMetricBuilder Edm is NaN; stop iterations
Warning in <Minuit2>: VariableMetricBuilder Edm is NaN; stop iterations
Warning in <Minuit2>: VariableMetricBuilder Edm is NaN; stop iterations
Warning in <Minuit2>: VariableMetricBuilder Edm is NaN; stop iterations
Warning in <Minuit2>: VariableMetricBuilder Edm is NaN; stop iterations
Warning in <Minuit2>: VariableMetricBuilder Edm is NaN; stop iterations
Warning in <Minuit2>: VariableMetricBuilder Edm is NaN; stop iterations
Warning in <Minuit2>: VariableMetricBuilder Edm is NaN; stop iterations
Warning in <Minuit2>: VariableMetricBuilder Edm is NaN; stop iterations
Warning in <Minuit2>: VariableMetricBuilder Edm is NaN; stop iterations
Warning in <Minuit2>: VariableMetricBuilder Edm is NaN; stop iterations
Warning in <Minuit2>: VariableMetricBuilder Edm is NaN; stop iterations
Warning in <Minuit2>: VariableMetricBuilder Edm is NaN; stop iterations
Warning in <Minuit2>: VariableMetricBuilder Edm is NaN; stop iterations
Warning in <Minuit2>: VariableMetricBuilder Edm is NaN; stop iterations
Warning in <Minuit2>: VariableMetricBuilder Edm is NaN; stop iterations
Warning in <Minuit2>: VariableMetricBuilder Edm is NaN; stop iterations
Warning in <Minuit2>: VariableMetricBuilder Edm is NaN; stop iterations
Warning in <Minuit2>: VariableMetricBuilder Edm is NaN; stop iterations
Warning in <Minuit2>: VariableMetricBuilder Edm is NaN; stop iterations
Warning in <Minuit2>: VariableMetricBuilder Edm is NaN; stop iterations
Warning in <Minuit2>: VariableMetricBuilder Edm is NaN; stop iterations
Warning in <Minuit2>: VariableMetricBuilder Edm is NaN; stop iterations
Warning in <Minuit2>: VariableMetricBuilder Edm is NaN; stop iterations
Warning in <Minuit2>: VariableMetricBuilder Edm is NaN; stop iterations
Warning in <Minuit2>: MnPosDef Matrix forced pos-def by adding to diagonal nan
Warning in <Minuit2>: Minuit2Minimizer::Minimize Minimization did NOT converge, Edm is above max
Warning in <Minuit2>: VariableMetricBuilder Edm is NaN; stop iterations
Warning in <Minuit2>: MnPosDef Matrix forced pos-def by adding to diagonal nan
Warning in <Minuit2>: Minuit2Minimizer::Minimize Minimization did NOT converge, Edm is above max
Warning in <Minuit2>: MnPosDef Matrix forced pos-def by adding to diagonal nan
Warning in <Minuit2>: Minuit2Minimizer::Minimize Minimization did NOT converge, Edm is above max
Warning in <Minuit2>: MnPosDef Matrix forced pos-def by adding to diagonal nan
Warning in <Minuit2>: Minuit2Minimizer::Minimize Minimization did NOT converge, Edm is above max
Warning in <Minuit2>: MnPosDef Matrix forced pos-def by adding to diagonal nan
Warning in <Minuit2>: Minuit2Minimizer::Minimize Minimization did NOT converge, Edm is above max
Warning in <Minuit2>: VariableMetricBuilder Edm is NaN; stop iterations
Warning in <Minuit2>: MnPosDef Matrix forced pos-def by adding to diagonal nan
Warning in <Minuit2>: Minuit2Minimizer::Minimize Minimization did NOT converge, Edm is above max
Warning in <Minuit2>: MnPosDef Matrix forced pos-def by adding to diagonal nan
Warning in <Minuit2>: Minuit2Minimizer::Minimize Minimization did NOT converge, Edm is above max
Warning in <Minuit2>: MnPosDef Matrix forced pos-def by adding to diagonal nan
Warning in <Minuit2>: Minuit2Minimizer::Minimize Minimization did NOT converge, Edm is above max
Warning in <Minuit2>: VariableMetricBuilder Edm is NaN; stop iterations
Warning in <Minuit2>: VariableMetricBuilder Edm is NaN; stop iterations
Warning in <Minuit2>: MnPosDef Matrix forced pos-def by adding to diagonal nan
Warning in <Minuit2>: Minuit2Minimizer::Minimize Minimization did NOT converge, Edm is above max
Warning in <Minuit2>: MnPosDef Matrix forced pos-def by adding to diagonal nan
Warning in <Minuit2>: Minuit2Minimizer::Minimize Minimization did NOT converge, Edm is above max
Warning in <Minuit2>: MnPosDef Matrix forced pos-def by adding to diagonal nan
Warning in <Minuit2>: Minuit2Minimizer::Minimize Minimization did NOT converge, Edm is above max
Warning in <Minuit2>: MnPosDef Matrix forced pos-def by adding to diagonal nan
Warning in <Minuit2>: Minuit2Minimizer::Minimize Minimization did NOT converge, Edm is above max
Warning in <Minuit2>: MnPosDef Matrix forced pos-def by adding to diagonal nan
Warning in <Minuit2>: Minuit2Minimizer::Minimize Minimization did NOT converge, Edm is above max
Warning in <Minuit2>: VariableMetricBuilder Edm is NaN; stop iterations
Warning in <Minuit2>: VariableMetricBuilder Edm is NaN; stop iterations
Warning in <Minuit2>: VariableMetricBuilder Edm is NaN; stop iterations
Warning in <Minuit2>: VariableMetricBuilder Edm is NaN; stop iterations
Warning in <Minuit2>: VariableMetricBuilder Edm is NaN; stop iterations
Warning in <Minuit2>: VariableMetricBuilder Edm is NaN; stop iterations
Warning in <Minuit2>: VariableMetricBuilder Edm is NaN; stop iterations
Warning in <Minuit2>: VariableMetricBuilder Edm is NaN; stop iterations
Warning in <Minuit2>: VariableMetricBuilder Edm is NaN; stop iterations
Warning in <Minuit2>: VariableMetricBuilder Edm is NaN; stop iterations
Warning in <Minuit2>: VariableMetricBuilder Edm is NaN; stop iterations
Warning in <Minuit2>: VariableMetricBuilder Edm is NaN; stop iterations
Warning in <Minuit2>: VariableMetricBuilder Edm is NaN; stop iterations
Warning in <Minuit2>: VariableMetricBuilder Edm is NaN; stop iterations
Warning in <Minuit2>: VariableMetricBuilder Edm is NaN; stop iterations
Warning in <Minuit2>: VariableMetricBuilder Edm is NaN; stop iterations
Warning in <Minuit2>: VariableMetricBuilder Edm is NaN; stop iterations
Warning in <Minuit2>: VariableMetricBuilder Edm is NaN; stop iterations
Warning in <Minuit2>: VariableMetricBuilder Edm is NaN; stop iterations
Warning in <Minuit2>: VariableMetricBuilder Edm is NaN; stop iterations
Warning in <Minuit2>: VariableMetricBuilder Edm is NaN; stop iterations
srun: Job step aborted: Waiting up to 32 seconds for job step to finish.
srun: Job step aborted: Waiting up to 32 seconds for job step to finish.
srun: Job step aborted: Waiting up to 32 seconds for job step to finish.
srun: Job step aborted: Waiting up to 32 seconds for job step to finish.
srun: Job step aborted: Waiting up to 32 seconds for job step to finish.
srun: Job step aborted: Waiting up to 32 seconds for job step to finish.
srun: Job step aborted: Waiting up to 32 seconds for job step to finish.
srun: Job step aborted: Waiting up to 32 seconds for job step to finish.
srun: Job step aborted: Waiting up to 32 seconds for job step to finish.
srun: Job step aborted: Waiting up to 32 seconds for job step to finish.
srun: Job step aborted: Waiting up to 32 seconds for job step to finish.
srun: Job step aborted: Waiting up to 32 seconds for job step to finish.
srun: Job step aborted: Waiting up to 32 seconds for job step to finish.
slurmstepd: error: *** STEP 4061454.0 ON c6 CANCELLED AT 2023-07-31T11:11:24 ***
slurmstepd: error: *** STEP 4061456.0 ON c6 CANCELLED AT 2023-07-31T11:11:24 ***
srun: Job step aborted: Waiting up to 32 seconds for job step to finish.
srun: Job step aborted: Waiting up to 32 seconds for job step to finish.
slurmstepd: error: *** STEP 4061442.0 ON x5 CANCELLED AT 2023-07-31T11:11:24 ***
srun: Job step aborted: Waiting up to 32 seconds for job step to finish.
srun: Job step aborted: Waiting up to 32 seconds for job step to finish.
slurmstepd: error: *** STEP 4061483.0 ON c12 CANCELLED AT 2023-07-31T11:11:24 ***
srun: Job step aborted: Waiting up to 32 seconds for job step to finish.
srun: Job step aborted: Waiting up to 32 seconds for job step to finish.
slurmstepd: error: *** STEP 4061446.0 ON c66 CANCELLED AT 2023-07-31T11:11:24 ***
slurmstepd: error: *** STEP 4061441.0 ON c68 CANCELLED AT 2023-07-31T11:11:24 ***
srun: Job step aborted: Waiting up to 32 seconds for job step to finish.
slurmstepd: error: *** STEP 4061503.0 ON c68 CANCELLED AT 2023-07-31T11:11:24 ***
slurmstepd: error: *** JOB 4061441 ON c68 CANCELLED AT 2023-07-31T11:11:24 ***
srun: Job step aborted: Waiting up to 32 seconds for job step to finish.
srun: Job step aborted: Waiting up to 32 seconds for job step to finish.
slurmstepd: error: *** STEP 4061445.0 ON x5 CANCELLED AT 2023-07-31T11:11:24 ***
slurmstepd: error: *** STEP 4061466.0 ON c14 CANCELLED AT 2023-07-31T11:11:24 ***
slurmstepd: error: *** STEP 4061480.0 ON c11 CANCELLED AT 2023-07-31T11:11:24 ***
srun: Job step aborted: Waiting up to 32 seconds for job step to finish.
srun: Job step aborted: Waiting up to 32 seconds for job step to finish.
slurmstepd: error: *** JOB 4061456 ON c6 CANCELLED AT 2023-07-31T11:11:24 ***
slurmstepd: error: *** STEP 4061495.0 ON c8 CANCELLED AT 2023-07-31T11:11:24 ***
slurmstepd: error: *** STEP 4061448.0 ON c66 CANCELLED AT 2023-07-31T11:11:24 ***
slurmstepd: error: *** STEP 4061509.0 ON c68 CANCELLED AT 2023-07-31T11:11:24 ***
srun: Job step aborted: Waiting up to 32 seconds for job step to finish.
srun: Job step aborted: Waiting up to 32 seconds for job step to finish.
slurmstepd: error: *** JOB 4061454 ON c6 CANCELLED AT 2023-07-31T11:11:24 ***
slurmstepd: error: *** STEP 4061459.0 ON c7 CANCELLED AT 2023-07-31T11:11:24 ***
srun: Job step aborted: Waiting up to 32 seconds for job step to finish.
slurmstepd: error: *** STEP 4061455.0 ON c6 CANCELLED AT 2023-07-31T11:11:24 ***
slurmstepd: error: *** STEP 4061444.0 ON x5 CANCELLED AT 2023-07-31T11:11:24 ***
slurmstepd: error: *** STEP 4061465.0 ON c14 CANCELLED AT 2023-07-31T11:11:24 ***
srun: Job step aborted: Waiting up to 32 seconds for job step to finish.
srun: Job step aborted: Waiting up to 32 seconds for job step to finish.
slurmstepd: error: *** STEP 4061481.0 ON c12 CANCELLED AT 2023-07-31T11:11:24 ***
srun: Job step aborted: Waiting up to 32 seconds for job step to finish.
slurmstepd: error: *** STEP 4061449.0 ON c66 CANCELLED AT 2023-07-31T11:11:24 ***
slurmstepd: error: *** STEP 4061453.0 ON c66 CANCELLED AT 2023-07-31T11:11:24 ***
srun: Job step aborted: Waiting up to 32 seconds for job step to finish.
slurmstepd: error: *** JOB 4061466 ON c14 CANCELLED AT 2023-07-31T11:11:24 ***
srun: Job step aborted: Waiting up to 32 seconds for job step to finish.
srun: Job step aborted: Waiting up to 32 seconds for job step to finish.
srun: Job step aborted: Waiting up to 32 seconds for job step to finish.
slurmstepd: error: *** STEP 4061475.0 ON c15 CANCELLED AT 2023-07-31T11:11:24 ***
slurmstepd: error: *** JOB 4061455 ON c6 CANCELLED AT 2023-07-31T11:11:24 ***
slurmstepd: error: *** STEP 4061458.0 ON c7 CANCELLED AT 2023-07-31T11:11:24 ***
srun: Job step aborted: Waiting up to 32 seconds for job step to finish.
slurmstepd: error: *** JOB 4061483 ON c12 CANCELLED AT 2023-07-31T11:11:24 ***
slurmstepd: error: *** JOB 4061444 ON x5 CANCELLED AT 2023-07-31T11:11:24 ***
slurmstepd: error: *** JOB 4061442 ON x5 CANCELLED AT 2023-07-31T11:11:24 ***
slurmstepd: error: *** JOB 4061465 ON c14 CANCELLED AT 2023-07-31T11:11:24 ***
slurmstepd: error: *** JOB 4061503 ON c68 CANCELLED AT 2023-07-31T11:11:24 ***
slurmstepd: error: *** STEP 4061505.0 ON c68 CANCELLED AT 2023-07-31T11:11:24 ***
slurmstepd: error: *** STEP 4061489.0 ON c13 CANCELLED AT 2023-07-31T11:11:24 ***
slurmstepd: error: *** STEP 4061484.0 ON c13 CANCELLED AT 2023-07-31T11:11:24 ***
srun: Job step aborted: Waiting up to 32 seconds for job step to finish.
slurmstepd: error: *** JOB 4061480 ON c11 CANCELLED AT 2023-07-31T11:11:24 ***
slurmstepd: error: *** JOB 4061481 ON c12 CANCELLED AT 2023-07-31T11:11:24 ***
srun: Job step aborted: Waiting up to 32 seconds for job step to finish.
slurmstepd: error: *** STEP 4061450.0 ON c66 CANCELLED AT 2023-07-31T11:11:24 ***
slurmstepd: error: *** STEP 4061443.0 ON x5 CANCELLED AT 2023-07-31T11:11:24 ***
slurmstepd: error: *** JOB 4061509 ON c68 CANCELLED AT 2023-07-31T11:11:24 ***
slurmstepd: error: *** JOB 4061443 ON x5 CANCELLED AT 2023-07-31T11:11:24 ***
slurmstepd: error: *** STEP 4061479.0 ON c11 CANCELLED AT 2023-07-31T11:11:24 ***
slurmstepd: error: *** JOB 4061459 ON c7 CANCELLED AT 2023-07-31T11:11:24 ***
srun: Job step aborted: Waiting up to 32 seconds for job step to finish.
slurmstepd: error: *** STEP 4061482.0 ON c12 CANCELLED AT 2023-07-31T11:11:24 ***
slurmstepd: error: *** STEP 4061470.0 ON c15 CANCELLED AT 2023-07-31T11:11:24 ***
slurmstepd: error: *** STEP 4061477.0 ON c15 CANCELLED AT 2023-07-31T11:11:24 ***
slurmstepd: error: *** JOB 4061470 ON c15 CANCELLED AT 2023-07-31T11:11:24 ***
srun: Job step aborted: Waiting up to 32 seconds for job step to finish.
slurmstepd: error: *** STEP 4061469.0 ON c15 CANCELLED AT 2023-07-31T11:11:24 ***
slurmstepd: error: *** JOB 4061445 ON x5 CANCELLED AT 2023-07-31T11:11:24 ***
slurmstepd: error: *** JOB 4061484 ON c13 CANCELLED AT 2023-07-31T11:11:24 ***
slurmstepd: error: *** STEP 4061490.0 ON c8 CANCELLED AT 2023-07-31T11:11:24 ***
slurmstepd: error: *** JOB 4061458 ON c7 CANCELLED AT 2023-07-31T11:11:24 ***
srun: Job step aborted: Waiting up to 32 seconds for job step to finish.
slurmstepd: error: *** JOB 4061479 ON c11 CANCELLED AT 2023-07-31T11:11:24 ***
slurmstepd: error: *** JOB 4061482 ON c12 CANCELLED AT 2023-07-31T11:11:24 ***
srun: Job step aborted: Waiting up to 32 seconds for job step to finish.
srun: Job step aborted: Waiting up to 32 seconds for job step to finish.
srun: Job step aborted: Waiting up to 32 seconds for job step to finish.
srun: Job step aborted: Waiting up to 32 seconds for job step to finish.
slurmstepd: error: *** STEP 4061457.0 ON c7 CANCELLED AT 2023-07-31T11:11:24 ***
slurmstepd: error: *** STEP 4061460.0 ON c7 CANCELLED AT 2023-07-31T11:11:24 ***
slurmstepd: error: *** STEP 4061478.0 ON c11 CANCELLED AT 2023-07-31T11:11:24 ***
slurmstepd: error: *** STEP 4061472.0 ON c15 CANCELLED AT 2023-07-31T11:11:24 ***
slurmstepd: error: *** STEP 4061473.0 ON c15 CANCELLED AT 2023-07-31T11:11:24 ***
slurmstepd: error: *** STEP 4061492.0 ON c8 CANCELLED AT 2023-07-31T11:11:24 ***
slurmstepd: error: *** JOB 4061457 ON c7 CANCELLED AT 2023-07-31T11:11:24 ***
slurmstepd: error: *** JOB 4061478 ON c11 CANCELLED AT 2023-07-31T11:11:24 ***
slurmstepd: error: *** JOB 4061450 ON c66 CANCELLED AT 2023-07-31T11:11:24 ***
srun: Job step aborted: Waiting up to 32 seconds for job step to finish.
slurmstepd: error: *** STEP 4061502.0 ON c13 CANCELLED AT 2023-07-31T11:11:24 ***
slurmstepd: error: *** STEP 4061485.0 ON c13 CANCELLED AT 2023-07-31T11:11:24 ***
slurmstepd: error: *** STEP 4061506.0 ON c68 CANCELLED AT 2023-07-31T11:11:24 ***
slurmstepd: error: *** STEP 4061517.0 ON c67 CANCELLED AT 2023-07-31T11:11:24 ***
slurmstepd: error: *** JOB 4061469 ON c15 CANCELLED AT 2023-07-31T11:11:24 ***
slurmstepd: error: *** JOB 4061460 ON c7 CANCELLED AT 2023-07-31T11:11:24 ***
srun: Job step aborted: Waiting up to 32 seconds for job step to finish.
srun: Job step aborted: Waiting up to 32 seconds for job step to finish.
srun: Job step aborted: Waiting up to 32 seconds for job step to finish.
srun: Job step aborted: Waiting up to 32 seconds for job step to finish.
slurmstepd: error: *** STEP 4061447.0 ON c66 CANCELLED AT 2023-07-31T11:11:24 ***
slurmstepd: error: *** JOB 4061453 ON c66 CANCELLED AT 2023-07-31T11:11:24 ***
slurmstepd: error: *** STEP 4061486.0 ON c13 CANCELLED AT 2023-07-31T11:11:24 ***
slurmstepd: error: *** STEP 4061511.0 ON c68 CANCELLED AT 2023-07-31T11:11:24 ***
srun: Job step aborted: Waiting up to 32 seconds for job step to finish.
srun: Job step aborted: Waiting up to 32 seconds for job step to finish.
slurmstepd: error: *** STEP 4061452.0 ON c66 CANCELLED AT 2023-07-31T11:11:24 ***
slurmstepd: error: *** JOB 4061502 ON c13 CANCELLED AT 2023-07-31T11:11:24 ***
srun: Job step aborted: Waiting up to 32 seconds for job step to finish.
slurmstepd: error: *** JOB 4061473 ON c15 CANCELLED AT 2023-07-31T11:11:24 ***
slurmstepd: error: *** STEP 4061493.0 ON c8 CANCELLED AT 2023-07-31T11:11:24 ***
slurmstepd: error: *** JOB 4061448 ON c66 CANCELLED AT 2023-07-31T11:11:24 ***
slurmstepd: error: *** JOB 4061446 ON c66 CANCELLED AT 2023-07-31T11:11:24 ***
srun: Job step aborted: Waiting up to 32 seconds for job step to finish.
slurmstepd: error: *** JOB 4061505 ON c68 CANCELLED AT 2023-07-31T11:11:24 ***
slurmstepd: error: *** STEP 4061515.0 ON c67 CANCELLED AT 2023-07-31T11:11:24 ***
slurmstepd: error: *** STEP 4061474.0 ON c15 CANCELLED AT 2023-07-31T11:11:24 ***
slurmstepd: error: *** JOB 4061472 ON c15 CANCELLED AT 2023-07-31T11:11:24 ***
slurmstepd: error: *** JOB 4061452 ON c66 CANCELLED AT 2023-07-31T11:11:24 ***
slurmstepd: error: *** JOB 4061489 ON c13 CANCELLED AT 2023-07-31T11:11:24 ***
slurmstepd: error: *** STEP 4061516.0 ON c67 CANCELLED AT 2023-07-31T11:11:24 ***
slurmstepd: error: *** JOB 4061517 ON c67 CANCELLED AT 2023-07-31T11:11:24 ***
slurmstepd: error: *** STEP 4061476.0 ON c15 CANCELLED AT 2023-07-31T11:11:24 ***
slurmstepd: error: *** JOB 4061474 ON c15 CANCELLED AT 2023-07-31T11:11:24 ***
srun: Job step aborted: Waiting up to 32 seconds for job step to finish.
slurmstepd: error: *** JOB 4061449 ON c66 CANCELLED AT 2023-07-31T11:11:24 ***
slurmstepd: error: *** STEP 4061487.0 ON c13 CANCELLED AT 2023-07-31T11:11:24 ***
slurmstepd: error: *** STEP 4061508.0 ON c68 CANCELLED AT 2023-07-31T11:11:24 ***
slurmstepd: error: *** JOB 4061515 ON c67 CANCELLED AT 2023-07-31T11:11:24 ***
slurmstepd: error: *** JOB 4061516 ON c67 CANCELLED AT 2023-07-31T11:11:24 ***
slurmstepd: error: *** STEP 4061468.0 ON c15 CANCELLED AT 2023-07-31T11:11:24 ***
slurmstepd: error: *** JOB 4061476 ON c15 CANCELLED AT 2023-07-31T11:11:24 ***
slurmstepd: error: *** JOB 4061447 ON c66 CANCELLED AT 2023-07-31T11:11:24 ***
srun: Job step aborted: Waiting up to 32 seconds for job step to finish.
srun: Job step aborted: Waiting up to 32 seconds for job step to finish.
slurmstepd: error: *** STEP 4061488.0 ON c13 CANCELLED AT 2023-07-31T11:11:24 ***
slurmstepd: error: *** JOB 4061477 ON c15 CANCELLED AT 2023-07-31T11:11:24 ***
slurmstepd: error: *** STEP 4061471.0 ON c15 CANCELLED AT 2023-07-31T11:11:24 ***
srun: Job step aborted: Waiting up to 32 seconds for job step to finish.
slurmstepd: error: *** STEP 4061451.0 ON c66 CANCELLED AT 2023-07-31T11:11:24 ***
srun: Job step aborted: Waiting up to 32 seconds for job step to finish.
slurmstepd: error: *** STEP 4061510.0 ON c68 CANCELLED AT 2023-07-31T11:11:24 ***
srun: Job step aborted: Waiting up to 32 seconds for job step to finish.
slurmstepd: error: *** JOB 4061475 ON c15 CANCELLED AT 2023-07-31T11:11:24 ***
slurmstepd: error: *** JOB 4061468 ON c15 CANCELLED AT 2023-07-31T11:11:24 ***
slurmstepd: error: *** STEP 4061467.0 ON c15 CANCELLED AT 2023-07-31T11:11:24 ***
slurmstepd: error: *** JOB 4061451 ON c66 CANCELLED AT 2023-07-31T11:11:24 ***
slurmstepd: error: *** JOB 4061485 ON c13 CANCELLED AT 2023-07-31T11:11:24 ***
slurmstepd: error: *** JOB 4061471 ON c15 CANCELLED AT 2023-07-31T11:11:24 ***
slurmstepd: error: *** JOB 4061467 ON c15 CANCELLED AT 2023-07-31T11:11:24 ***
slurmstepd: error: *** STEP 4061464.0 ON c8 CANCELLED AT 2023-07-31T11:11:24 ***
srun: Job step aborted: Waiting up to 32 seconds for job step to finish.
slurmstepd: error: *** JOB 4061488 ON c13 CANCELLED AT 2023-07-31T11:11:24 ***
slurmstepd: error: *** STEP 4061514.0 ON c68 CANCELLED AT 2023-07-31T11:11:24 ***
srun: Job step aborted: Waiting up to 32 seconds for job step to finish.
slurmstepd: error: *** JOB 4061487 ON c13 CANCELLED AT 2023-07-31T11:11:24 ***
slurmstepd: error: *** JOB 4061486 ON c13 CANCELLED AT 2023-07-31T11:11:24 ***
slurmstepd: error: *** STEP 4061525.0 ON c67 CANCELLED AT 2023-07-31T11:11:24 ***
slurmstepd: error: *** STEP 4061461.0 ON c8 CANCELLED AT 2023-07-31T11:11:24 ***
srun: Job step aborted: Waiting up to 32 seconds for job step to finish.
slurmstepd: error: *** STEP 4061540.0 ON c19 CANCELLED AT 2023-07-31T11:11:24 ***
srun: Job step aborted: Waiting up to 32 seconds for job step to finish.
slurmstepd: error: *** STEP 4061538.0 ON c58 CANCELLED AT 2023-07-31T11:11:24 ***
srun: Job step aborted: Waiting up to 32 seconds for job step to finish.
srun: Job step aborted: Waiting up to 32 seconds for job step to finish.
slurmstepd: error: *** JOB 4061514 ON c68 CANCELLED AT 2023-07-31T11:11:24 ***
slurmstepd: error: *** STEP 4061536.0 ON c58 CANCELLED AT 2023-07-31T11:11:24 ***
srun: Job step aborted: Waiting up to 32 seconds for job step to finish.
slurmstepd: error: *** JOB 4061540 ON c19 CANCELLED AT 2023-07-31T11:11:24 ***
slurmstepd: error: *** STEP 4061539.0 ON c19 CANCELLED AT 2023-07-31T11:11:24 ***
srun: Job step aborted: Waiting up to 32 seconds for job step to finish.
srun: Job step aborted: Waiting up to 32 seconds for job step to finish.
slurmstepd: error: *** JOB 4061539 ON c19 CANCELLED AT 2023-07-31T11:11:24 ***
slurmstepd: error: *** JOB 4061511 ON c68 CANCELLED AT 2023-07-31T11:11:24 ***
slurmstepd: error: *** JOB 4061510 ON c68 CANCELLED AT 2023-07-31T11:11:24 ***
slurmstepd: error: *** JOB 4061538 ON c58 CANCELLED AT 2023-07-31T11:11:24 ***
srun: Job step aborted: Waiting up to 32 seconds for job step to finish.
slurmstepd: error: *** STEP 4061496.0 ON c8 CANCELLED AT 2023-07-31T11:11:24 ***
slurmstepd: error: *** STEP 4061513.0 ON c68 CANCELLED AT 2023-07-31T11:11:24 ***
slurmstepd: error: *** STEP 4061512.0 ON c68 CANCELLED AT 2023-07-31T11:11:24 ***
slurmstepd: error: *** STEP 4061527.0 ON c58 CANCELLED AT 2023-07-31T11:11:24 ***
slurmstepd: error: *** JOB 4061525 ON c67 CANCELLED AT 2023-07-31T11:11:24 ***
srun: Job step aborted: Waiting up to 32 seconds for job step to finish.
srun: Job step aborted: Waiting up to 32 seconds for job step to finish.
slurmstepd: error: *** JOB 4061512 ON c68 CANCELLED AT 2023-07-31T11:11:24 ***
srun: Job step aborted: Waiting up to 32 seconds for job step to finish.
slurmstepd: error: *** JOB 4061513 ON c68 CANCELLED AT 2023-07-31T11:11:24 ***
slurmstepd: error: *** JOB 4061508 ON c68 CANCELLED AT 2023-07-31T11:11:24 ***
srun: Job step aborted: Waiting up to 32 seconds for job step to finish.
slurmstepd: error: *** STEP 4061522.0 ON c67 CANCELLED AT 2023-07-31T11:11:24 ***
slurmstepd: error: *** STEP 4061520.0 ON c67 CANCELLED AT 2023-07-31T11:11:24 ***
slurmstepd: error: *** STEP 4061497.0 ON c8 CANCELLED AT 2023-07-31T11:11:24 ***
slurmstepd: error: *** STEP 4061499.0 ON c8 CANCELLED AT 2023-07-31T11:11:24 ***
srun: Job step aborted: Waiting up to 32 seconds for job step to finish.
slurmstepd: error: *** STEP 4061504.0 ON c68 CANCELLED AT 2023-07-31T11:11:24 ***
slurmstepd: error: *** STEP 4061531.0 ON c58 CANCELLED AT 2023-07-31T11:11:24 ***
srun: Job step aborted: Waiting up to 32 seconds for job step to finish.
slurmstepd: error: *** JOB 4061506 ON c68 CANCELLED AT 2023-07-31T11:11:24 ***
srun: Job step aborted: Waiting up to 32 seconds for job step to finish.
slurmstepd: error: *** STEP 4061519.0 ON c67 CANCELLED AT 2023-07-31T11:11:24 ***
slurmstepd: error: *** JOB 4061496 ON c8 CANCELLED AT 2023-07-31T11:11:24 ***
srun: Job step aborted: Waiting up to 32 seconds for job step to finish.
srun: Job step aborted: Waiting up to 32 seconds for job step to finish.
slurmstepd: error: *** STEP 4061494.0 ON c8 CANCELLED AT 2023-07-31T11:11:24 ***
srun: Job step aborted: Waiting up to 32 seconds for job step to finish.
slurmstepd: error: *** STEP 4061463.0 ON c8 CANCELLED AT 2023-07-31T11:11:24 ***
slurmstepd: error: *** JOB 4061494 ON c8 CANCELLED AT 2023-07-31T11:11:24 ***
srun: Job step aborted: Waiting up to 32 seconds for job step to finish.
srun: Job step aborted: Waiting up to 32 seconds for job step to finish.
srun: Job step aborted: Waiting up to 32 seconds for job step to finish.
slurmstepd: error: *** STEP 4061524.0 ON c67 CANCELLED AT 2023-07-31T11:11:24 ***
slurmstepd: error: *** STEP 4061518.0 ON c67 CANCELLED AT 2023-07-31T11:11:24 ***
srun: Job step aborted: Waiting up to 32 seconds for job step to finish.
srun: Job step aborted: Waiting up to 32 seconds for job step to finish.
slurmstepd: error: *** STEP 4061507.0 ON c68 CANCELLED AT 2023-07-31T11:11:24 ***
slurmstepd: error: *** JOB 4061522 ON c67 CANCELLED AT 2023-07-31T11:11:24 ***
slurmstepd: error: *** JOB 4061490 ON c8 CANCELLED AT 2023-07-31T11:11:24 ***
slurmstepd: error: *** STEP 4061498.0 ON c8 CANCELLED AT 2023-07-31T11:11:24 ***
slurmstepd: error: *** STEP 4061530.0 ON c58 CANCELLED AT 2023-07-31T11:11:24 ***
slurmstepd: error: *** JOB 4061507 ON c68 CANCELLED AT 2023-07-31T11:11:24 ***
slurmstepd: error: *** STEP 4061523.0 ON c67 CANCELLED AT 2023-07-31T11:11:24 ***
slurmstepd: error: *** JOB 4061504 ON c68 CANCELLED AT 2023-07-31T11:11:24 ***
slurmstepd: error: *** JOB 4061495 ON c8 CANCELLED AT 2023-07-31T11:11:24 ***
slurmstepd: error: *** JOB 4061497 ON c8 CANCELLED AT 2023-07-31T11:11:24 ***
slurmstepd: error: *** JOB 4061520 ON c67 CANCELLED AT 2023-07-31T11:11:24 ***
srun: Job step aborted: Waiting up to 32 seconds for job step to finish.
slurmstepd: error: *** STEP 4061534.0 ON c58 CANCELLED AT 2023-07-31T11:11:24 ***
slurmstepd: error: *** STEP 4061529.0 ON c58 CANCELLED AT 2023-07-31T11:11:24 ***
slurmstepd: error: *** JOB 4061534 ON c58 CANCELLED AT 2023-07-31T11:11:24 ***
slurmstepd: error: *** JOB 4061499 ON c8 CANCELLED AT 2023-07-31T11:11:24 ***
srun: Job step aborted: Waiting up to 32 seconds for job step to finish.
slurmstepd: error: *** JOB 4061524 ON c67 CANCELLED AT 2023-07-31T11:11:24 ***
slurmstepd: error: *** JOB 4061492 ON c8 CANCELLED AT 2023-07-31T11:11:24 ***
srun: Job step aborted: Waiting up to 32 seconds for job step to finish.
slurmstepd: error: *** STEP 4061501.0 ON c8 CANCELLED AT 2023-07-31T11:11:24 ***
slurmstepd: error: *** JOB 4061519 ON c67 CANCELLED AT 2023-07-31T11:11:24 ***
slurmstepd: error: *** JOB 4061529 ON c58 CANCELLED AT 2023-07-31T11:11:24 ***
slurmstepd: error: *** JOB 4061527 ON c58 CANCELLED AT 2023-07-31T11:11:24 ***
srun: Job step aborted: Waiting up to 32 seconds for job step to finish.
slurmstepd: error: *** JOB 4061463 ON c8 CANCELLED AT 2023-07-31T11:11:24 ***
slurmstepd: error: *** STEP 4061526.0 ON c67 CANCELLED AT 2023-07-31T11:11:24 ***
slurmstepd: error: *** JOB 4061518 ON c67 CANCELLED AT 2023-07-31T11:11:24 ***
slurmstepd: error: *** JOB 4061526 ON c67 CANCELLED AT 2023-07-31T11:11:24 ***
slurmstepd: error: *** JOB 4061501 ON c8 CANCELLED AT 2023-07-31T11:11:24 ***
slurmstepd: error: *** STEP 4061462.0 ON c8 CANCELLED AT 2023-07-31T11:11:24 ***
srun: Job step aborted: Waiting up to 32 seconds for job step to finish.
slurmstepd: error: *** STEP 4061528.0 ON c58 CANCELLED AT 2023-07-31T11:11:24 ***
srun: Job step aborted: Waiting up to 32 seconds for job step to finish.
slurmstepd: error: *** JOB 4061528 ON c58 CANCELLED AT 2023-07-31T11:11:24 ***
slurmstepd: error: *** JOB 4061461 ON c8 CANCELLED AT 2023-07-31T11:11:24 ***
slurmstepd: error: *** JOB 4061498 ON c8 CANCELLED AT 2023-07-31T11:11:24 ***
slurmstepd: error: *** JOB 4061523 ON c67 CANCELLED AT 2023-07-31T11:11:24 ***
slurmstepd: error: *** JOB 4061464 ON c8 CANCELLED AT 2023-07-31T11:11:24 ***
slurmstepd: error: *** JOB 4061462 ON c8 CANCELLED AT 2023-07-31T11:11:24 ***
slurmstepd: error: *** STEP 4061521.0 ON c67 CANCELLED AT 2023-07-31T11:11:24 ***
slurmstepd: error: *** JOB 4061536 ON c58 CANCELLED AT 2023-07-31T11:11:24 ***
slurmstepd: error: *** STEP 4061537.0 ON c58 CANCELLED AT 2023-07-31T11:11:24 ***
slurmstepd: error: *** STEP 4061500.0 ON c8 CANCELLED AT 2023-07-31T11:11:24 ***
srun: Job step aborted: Waiting up to 32 seconds for job step to finish.
slurmstepd: error: *** JOB 4061521 ON c67 CANCELLED AT 2023-07-31T11:11:24 ***
slurmstepd: error: *** STEP 4061491.0 ON c8 CANCELLED AT 2023-07-31T11:11:24 ***
slurmstepd: error: *** STEP 4061532.0 ON c58 CANCELLED AT 2023-07-31T11:11:24 ***
slurmstepd: error: *** JOB 4061500 ON c8 CANCELLED AT 2023-07-31T11:11:24 ***
slurmstepd: error: *** JOB 4061491 ON c8 CANCELLED AT 2023-07-31T11:11:24 ***
srun: Job step aborted: Waiting up to 32 seconds for job step to finish.
slurmstepd: error: *** STEP 4061535.0 ON c58 CANCELLED AT 2023-07-31T11:11:24 ***
slurmstepd: error: *** JOB 4061493 ON c8 CANCELLED AT 2023-07-31T11:11:24 ***
slurmstepd: error: *** STEP 4061533.0 ON c58 CANCELLED AT 2023-07-31T11:11:24 ***
slurmstepd: error: *** JOB 4061531 ON c58 CANCELLED AT 2023-07-31T11:11:24 ***
srun: Job step aborted: Waiting up to 32 seconds for job step to finish.
srun: Job step aborted: Waiting up to 32 seconds for job step to finish.
srun: Job step aborted: Waiting up to 32 seconds for job step to finish.
srun: Job step aborted: Waiting up to 32 seconds for job step to finish.
slurmstepd: error: *** JOB 4061537 ON c58 CANCELLED AT 2023-07-31T11:11:24 ***
slurmstepd: error: *** JOB 4061532 ON c58 CANCELLED AT 2023-07-31T11:11:24 ***
srun: Job step aborted: Waiting up to 32 seconds for job step to finish.
slurmstepd: error: *** JOB 4061533 ON c58 CANCELLED AT 2023-07-31T11:11:24 ***
slurmstepd: error: *** JOB 4061535 ON c58 CANCELLED AT 2023-07-31T11:11:24 ***
slurmstepd: error: *** JOB 4061530 ON c58 CANCELLED AT 2023-07-31T11:11:24 ***
